[    0.000000] Linux version 4.15.0-212-generic (buildd@lcy02-amd64-083) (gcc version 7.5.0 (Ubuntu 7.5.0-3ubuntu1~18.04)) #223-Ubuntu SMP Tue May 23 13:09:22 UTC 2023 (Ubuntu 4.15.0-212.223-generic 4.15.18)
[    0.000000] Command line: BOOT_IMAGE=/boot/vmlinuz-4.15.0-212-generic root=LABEL=cloudimg-rootfs ro console=tty1 console=ttyS0
[    0.000000] KERNEL supported cpus:
[    0.000000]   Intel GenuineIntel
[    0.000000]   AMD AuthenticAMD
[    0.000000]   Centaur CentaurHauls
[    0.000000] x86/fpu: Supporting XSAVE feature 0x001: 'x87 floating point registers'
[    0.000000] x86/fpu: Supporting XSAVE feature 0x002: 'SSE registers'
[    0.000000] x86/fpu: Supporting XSAVE feature 0x004: 'AVX registers'
[    0.000000] x86/fpu: xstate_offset[2]:  576, xstate_sizes[2]:  256
[    0.000000] x86/fpu: Enabled xstate features 0x7, context size is 832 bytes, using 'standard' format.
[    0.000000] e820: BIOS-provided physical RAM map:
[    0.000000] BIOS-e820: [mem 0x0000000000000000-0x000000000009fbff] usable
[    0.000000] BIOS-e820: [mem 0x000000000009fc00-0x000000000009ffff] reserved
[    0.000000] BIOS-e820: [mem 0x00000000000f0000-0x00000000000fffff] reserved
[    0.000000] BIOS-e820: [mem 0x0000000000100000-0x000000003e7effff] usable
[    0.000000] BIOS-e820: [mem 0x000000003e7f0000-0x000000003e7fffff] ACPI data
[    0.000000] BIOS-e820: [mem 0x00000000fec00000-0x00000000fec00fff] reserved
[    0.000000] BIOS-e820: [mem 0x00000000fee00000-0x00000000fee00fff] reserved
[    0.000000] BIOS-e820: [mem 0x00000000fffc0000-0x00000000ffffffff] reserved
[    0.000000] NX (Execute Disable) protection: active
[    0.000000] SMBIOS 2.5 present.
[    0.000000] DMI: innotek GmbH VirtualBox/VirtualBox, BIOS VirtualBox 12/01/2006
[    0.000000] Hypervisor detected: KVM
[    0.000000] e820: last_pfn = 0x3e7f0 max_arch_pfn = 0x400000000
[    0.000000] MTRR: Disabled
[    0.000000] x86/PAT: MTRRs disabled, skipping PAT initialization too.
[    0.000000] CPU MTRRs all blank - virtualized system.
[    0.000000] x86/PAT: Configuration [0-7]: WB  WT  UC- UC  WB  WT  UC- UC  
[    0.000000] found SMP MP-table at [mem 0x0009fff0-0x0009ffff]
[    0.000000] Scanning 1 areas for low memory corruption
[    0.000000] RAMDISK: [mem 0x359cb000-0x36cdcfff]
[    0.000000] ACPI: Early table checksum verification disabled
[    0.000000] ACPI: RSDP 0x00000000000E0000 000024 (v02 VBOX  )
[    0.000000] ACPI: XSDT 0x000000003E7F0030 00003C (v01 VBOX   VBOXXSDT 00000001 ASL  00000061)
[    0.000000] ACPI: FACP 0x000000003E7F00F0 0000F4 (v04 VBOX   VBOXFACP 00000001 ASL  00000061)
[    0.000000] ACPI: DSDT 0x000000003E7F0470 002325 (v02 VBOX   VBOXBIOS 00000002 INTL 20200925)
[    0.000000] ACPI: FACS 0x000000003E7F0200 000040
[    0.000000] ACPI: FACS 0x000000003E7F0200 000040
[    0.000000] ACPI: APIC 0x000000003E7F0240 000054 (v02 VBOX   VBOXAPIC 00000001 ASL  00000061)
[    0.000000] ACPI: SSDT 0x000000003E7F02A0 0001CC (v01 VBOX   VBOXCPUT 00000002 INTL 20200925)
[    0.000000] ACPI: Reserving FACP table memory at [mem 0x3e7f00f0-0x3e7f01e3]
[    0.000000] ACPI: Reserving DSDT table memory at [mem 0x3e7f0470-0x3e7f2794]
[    0.000000] ACPI: Reserving FACS table memory at [mem 0x3e7f0200-0x3e7f023f]
[    0.000000] ACPI: Reserving FACS table memory at [mem 0x3e7f0200-0x3e7f023f]
[    0.000000] ACPI: Reserving APIC table memory at [mem 0x3e7f0240-0x3e7f0293]
[    0.000000] ACPI: Reserving SSDT table memory at [mem 0x3e7f02a0-0x3e7f046b]
[    0.000000] No NUMA configuration found
[    0.000000] Faking a node at [mem 0x0000000000000000-0x000000003e7effff]
[    0.000000] NODE_DATA(0) allocated [mem 0x3e7c5000-0x3e7effff]
[    0.000000] kvm-clock: cpu 0, msr 0:3e744001, primary cpu clock
[    0.000000] kvm-clock: Using msrs 4b564d01 and 4b564d00
[    0.000000] kvm-clock: using sched offset of 3096632905 cycles
[    0.000000] clocksource: kvm-clock: mask: 0xffffffffffffffff max_cycles: 0x1cd42e4dffb, max_idle_ns: 881590591483 ns
[    0.000000] Zone ranges:
[    0.000000]   DMA      [mem 0x0000000000001000-0x0000000000ffffff]
[    0.000000]   DMA32    [mem 0x0000000001000000-0x000000003e7effff]
[    0.000000]   Normal   empty
[    0.000000]   Device   empty
[    0.000000] Movable zone start for each node
[    0.000000] Early memory node ranges
[    0.000000]   node   0: [mem 0x0000000000001000-0x000000000009efff]
[    0.000000]   node   0: [mem 0x0000000000100000-0x000000003e7effff]
[    0.000000] Reserved but unavailable: 104 pages
[    0.000000] Initmem setup node 0 [mem 0x0000000000001000-0x000000003e7effff]
[    0.000000] ACPI: PM-Timer IO Port: 0x4008
[    0.000000] IOAPIC[0]: apic_id 1, version 32, address 0xfec00000, GSI 0-23
[    0.000000] ACPI: INT_SRC_OVR (bus 0 bus_irq 0 global_irq 2 dfl dfl)
[    0.000000] ACPI: INT_SRC_OVR (bus 0 bus_irq 9 global_irq 9 low level)
[    0.000000] Using ACPI (MADT) for SMP configuration information
[    0.000000] smpboot: Allowing 1 CPUs, 0 hotplug CPUs
[    0.000000] PM: Registered nosave memory: [mem 0x00000000-0x00000fff]
[    0.000000] PM: Registered nosave memory: [mem 0x0009f000-0x0009ffff]
[    0.000000] PM: Registered nosave memory: [mem 0x000a0000-0x000effff]
[    0.000000] PM: Registered nosave memory: [mem 0x000f0000-0x000fffff]
[    0.000000] e820: [mem 0x3e800000-0xfebfffff] available for PCI devices
[    0.000000] Booting paravirtualized kernel on KVM
[    0.000000] clocksource: refined-jiffies: mask: 0xffffffff max_cycles: 0xffffffff, max_idle_ns: 7645519600211568 ns
[    0.000000] setup_percpu: NR_CPUS:8192 nr_cpumask_bits:1 nr_cpu_ids:1 nr_node_ids:1
[    0.000000] percpu: Embedded 50 pages/cpu s167936 r8192 d28672 u2097152
[    0.000000] PV qspinlock hash table entries: 256 (order: 0, 4096 bytes)
[    0.000000] Built 1 zonelists, mobility grouping on.  Total pages: 251865
[    0.000000] Policy zone: DMA32
[    0.000000] Kernel command line: BOOT_IMAGE=/boot/vmlinuz-4.15.0-212-generic root=LABEL=cloudimg-rootfs ro console=tty1 console=ttyS0
[    0.000000] Memory: 958268K/1023544K available (12300K kernel code, 2477K rwdata, 4324K rodata, 2480K init, 2720K bss, 65276K reserved, 0K cma-reserved)
[    0.000000] SLUB: HWalign=64, Order=0-3, MinObjects=0, CPUs=1, Nodes=1
[    0.000000] Kernel/User page tables isolation: enabled
[    0.000000] ftrace: allocating 39508 entries in 155 pages
[    0.004000] Hierarchical RCU implementation.
[    0.004000] 	RCU restricting CPUs from NR_CPUS=8192 to nr_cpu_ids=1.
[    0.004000] 	Tasks RCU enabled.
[    0.004000] RCU: Adjusting geometry for rcu_fanout_leaf=16, nr_cpu_ids=1
[    0.004000] NR_IRQS: 524544, nr_irqs: 256, preallocated irqs: 16
[    0.004000] random: crng init done
[    0.004000] Console: colour VGA+ 80x25
[    0.004000] console [tty1] enabled
[    0.004000] console [ttyS0] enabled
[    0.004000] ACPI: Core revision 20170831
[    0.004000] ACPI: 2 ACPI AML tables successfully acquired and loaded
[    0.004000] APIC: Switch to symmetric I/O mode setup
[    0.004000] x2apic enabled
[    0.004000] Switched APIC routing to physical x2apic.
[    0.004000] ..TIMER: vector=0x30 apic1=0 pin1=2 apic2=-1 pin2=-1
[    0.004000] tsc: Detected 2803.198 MHz processor
[    0.004000] Calibrating delay loop (skipped) preset value.. 5606.39 BogoMIPS (lpj=11212792)
[    0.004000] pid_max: default: 32768 minimum: 301
[    0.004019] Security Framework initialized
[    0.004416] Yama: becoming mindful.
[    0.004767] AppArmor: AppArmor initialized
[    0.005800] Dentry cache hash table entries: 131072 (order: 8, 1048576 bytes)
[    0.006514] Inode-cache hash table entries: 65536 (order: 7, 524288 bytes)
[    0.007130] Mount-cache hash table entries: 2048 (order: 2, 16384 bytes)
[    0.008005] Mountpoint-cache hash table entries: 2048 (order: 2, 16384 bytes)
[    0.008870] process: using mwait in idle threads
[    0.009308] Last level iTLB entries: 4KB 0, 2MB 0, 4MB 0
[    0.009921] Last level dTLB entries: 4KB 0, 2MB 0, 4MB 0, 1GB 0
[    0.010552] Spectre V1 : Mitigation: usercopy/swapgs barriers and __user pointer sanitization
[    0.011369] Spectre V2 : Mitigation: Retpolines
[    0.011805] Spectre V2 : Spectre v2 / SpectreRSB mitigation: Filling RSB on context switch
[    0.012001] Spectre V2 : Spectre v2 / SpectreRSB : Filling RSB on VMEXIT
[    0.012600] Speculative Store Bypass: Vulnerable
[    0.013059] MDS: Mitigation: Clear CPU buffers
[    0.024759] Freeing SMP alternatives memory: 36K
[    0.135467] smpboot: CPU0: 11th Gen Intel(R) Core(TM) i7-1165G7 @ 2.80GHz (family: 0x6, model: 0x8c, stepping: 0x1)
[    0.136000] Performance Events: unsupported p6 CPU model 140 no PMU driver, software events only.
[    0.136000] Hierarchical SRCU implementation.
[    0.136000] NMI watchdog: Perf event create on CPU 0 failed with -2
[    0.136000] NMI watchdog: Perf NMI watchdog permanently disabled
[    0.136029] smp: Bringing up secondary CPUs ...
[    0.136460] smp: Brought up 1 node, 1 CPU
[    0.136836] smpboot: Max logical packages: 1
[    0.137274] smpboot: Total of 1 processors activated (5606.39 BogoMIPS)
[    0.138009] devtmpfs: initialized
[    0.138398] x86/mm: Memory block size: 128MB
[    0.138910] evm: security.selinux
[    0.139274] evm: security.SMACK64
[    0.139610] evm: security.SMACK64EXEC
[    0.140003] evm: security.SMACK64TRANSMUTE
[    0.140421] evm: security.SMACK64MMAP
[    0.140801] evm: security.apparmor
[    0.141138] evm: security.ima
[    0.141459] evm: security.capability
[    0.141887] clocksource: jiffies: mask: 0xffffffff max_cycles: 0xffffffff, max_idle_ns: 7645041785100000 ns
[    0.142783] futex hash table entries: 256 (order: 2, 16384 bytes)
[    0.143377] pinctrl core: initialized pinctrl subsystem
[    0.144073] RTC time: 13:19:07, date: 04/19/24
[    0.144555] NET: Registered protocol family 16
[    0.145022] audit: initializing netlink subsys (disabled)
[    0.145640] cpuidle: using governor ladder
[    0.146048] cpuidle: using governor menu
[    0.146450] ACPI: bus type PCI registered
[    0.146837] acpiphp: ACPI Hot Plug PCI Controller Driver version: 0.5
[    0.147475] PCI: Using configuration type 1 for base access
[    0.148000] audit: type=2000 audit(1713532751.825:1): state=initialized audit_enabled=0 res=1
[    0.148675] HugeTLB registered 2.00 MiB page size, pre-allocated 0 pages
[    0.150707] ACPI: Added _OSI(Module Device)
[    0.151790] ACPI: Added _OSI(Processor Device)
[    0.152004] ACPI: Added _OSI(3.0 _SCP Extensions)
[    0.152447] ACPI: Added _OSI(Processor Aggregator Device)
[    0.152951] ACPI: Added _OSI(Linux-Dell-Video)
[    0.153383] ACPI: Added _OSI(Linux-Lenovo-NV-HDMI-Audio)
[    0.153871] ACPI: Added _OSI(Linux-HPI-Hybrid-Graphics)
[    0.156296] ACPI: Executed 1 blocks of module-level executable AML code
[    0.159386] ACPI: Interpreter enabled
[    0.159890] ACPI: (supports S0 S5)
[    0.160023] ACPI: Using IOAPIC for interrupt routing
[    0.160771] PCI: Using host bridge windows from ACPI; if necessary, use "pci=nocrs" and report a bug
[    0.161963] ACPI: Enabled 2 GPEs in block 00 to 07
[    0.167247] ACPI: PCI Root Bridge [PCI0] (domain 0000 [bus 00-ff])
[    0.168000] acpi PNP0A03:00: _OSC: OS supports [ASPM ClockPM Segments MSI]
[    0.168321] acpi PNP0A03:00: _OSC: not requesting OS control; OS requires [ExtendedConfig ASPM ClockPM MSI]
[    0.169439] acpi PNP0A03:00: fail to add MMCONFIG information, can't access extended PCI configuration space under this bridge.
[    0.170763] PCI host bridge to bus 0000:00
[    0.171184] pci_bus 0000:00: root bus resource [io  0x0000-0x0cf7 window]
[    0.172003] pci_bus 0000:00: root bus resource [io  0x0d00-0xffff window]
[    0.172875] pci_bus 0000:00: root bus resource [mem 0x000a0000-0x000bffff window]
[    0.173873] pci_bus 0000:00: root bus resource [mem 0x3e800000-0xfdffffff window]
[    0.175390] pci_bus 0000:00: root bus resource [bus 00-ff]
[    0.177551] pci 0000:00:01.1: legacy IDE quirk: reg 0x10: [io  0x01f0-0x01f7]
[    0.178625] pci 0000:00:01.1: legacy IDE quirk: reg 0x14: [io  0x03f6]
[    0.180005] pci 0000:00:01.1: legacy IDE quirk: reg 0x18: [io  0x0170-0x0177]
[    0.180741] pci 0000:00:01.1: legacy IDE quirk: reg 0x1c: [io  0x0376]
[    0.187404] pci 0000:00:07.0: quirk: [io  0x4000-0x403f] claimed by PIIX4 ACPI
[    0.188015] pci 0000:00:07.0: quirk: [io  0x4100-0x410f] claimed by PIIX4 SMB
[    0.192948] ACPI: PCI Interrupt Link [LNKA] (IRQs 5 9 10 *11)
[    0.193872] ACPI: PCI Interrupt Link [LNKB] (IRQs 5 9 *10 11)
[    0.194548] ACPI: PCI Interrupt Link [LNKC] (IRQs 5 *9 10 11)
[    0.195204] ACPI: PCI Interrupt Link [LNKD] (IRQs 5 9 10 *11)
[    0.196070] SCSI subsystem initialized
[    0.196577] pci 0000:00:02.0: vgaarb: setting as boot VGA device
[    0.197209] pci 0000:00:02.0: vgaarb: VGA device added: decodes=io+mem,owns=io+mem,locks=none
[    0.198084] pci 0000:00:02.0: vgaarb: bridge control possible
[    0.198692] vgaarb: loaded
[    0.199022] ACPI: bus type USB registered
[    0.199476] usbcore: registered new interface driver usbfs
[    0.200000] usbcore: registered new interface driver hub
[    0.200009] usbcore: registered new device driver usb
[    0.200656] EDAC MC: Ver: 3.0.0
[    0.201192] PCI: Using ACPI for IRQ routing
[    0.201859] NetLabel: Initializing
[    0.202263] NetLabel:  domain hash size = 128
[    0.202747] NetLabel:  protocols = UNLABELED CIPSOv4 CALIPSO
[    0.203355] NetLabel:  unlabeled traffic allowed by default
[    0.204090] clocksource: Switched to clocksource kvm-clock
[    0.213156] VFS: Disk quotas dquot_6.6.0
[    0.214392] VFS: Dquot-cache hash table entries: 512 (order 0, 4096 bytes)
[    0.216101] AppArmor: AppArmor Filesystem Enabled
[    0.216645] pnp: PnP ACPI init
[    0.217642] pnp: PnP ACPI: found 3 devices
[    0.223247] clocksource: acpi_pm: mask: 0xffffff max_cycles: 0xffffff, max_idle_ns: 2085701024 ns
[    0.224474] NET: Registered protocol family 2
[    0.224985] IP idents hash table entries: 16384 (order: 5, 131072 bytes)
[    0.225796] TCP established hash table entries: 8192 (order: 4, 65536 bytes)
[    0.226540] TCP bind hash table entries: 8192 (order: 5, 131072 bytes)
[    0.227212] TCP: Hash tables configured (established 8192 bind 8192)
[    0.228501] UDP hash table entries: 512 (order: 2, 16384 bytes)
[    0.229114] UDP-Lite hash table entries: 512 (order: 2, 16384 bytes)
[    0.229792] NET: Registered protocol family 1
[    0.230268] pci 0000:00:00.0: Limiting direct PCI/PCI transfers
[    0.230893] pci 0000:00:01.0: Activating ISA DMA hang workarounds
[    0.231560] pci 0000:00:02.0: Video device with shadowed ROM at [mem 0x000c0000-0x000dffff]
[    0.232542] Unpacking initramfs...
[    0.454172] Freeing initrd memory: 19528K
[    0.458979] clocksource: tsc: mask: 0xffffffffffffffff max_cycles: 0x28680e0a5c3, max_idle_ns: 440795346756 ns
[    0.460001] platform rtc_cmos: registered platform RTC device (no PNP device found)
[    0.460825] Scanning for low memory corruption every 60 seconds
[    0.461803] Initialise system trusted keyrings
[    0.462297] Key type blacklist registered
[    0.462758] workingset: timestamp_bits=36 max_order=18 bucket_order=0
[    0.464015] zbud: loaded
[    0.464643] squashfs: version 4.0 (2009/01/31) Phillip Lougher
[    0.465316] fuse init (API version 7.26)
[    0.466243] Key type asymmetric registered
[    0.466727] Asymmetric key parser 'x509' registered
[    0.467241] Block layer SCSI generic (bsg) driver version 0.4 loaded (major 246)
[    0.468003] io scheduler noop registered
[    0.469106] io scheduler deadline registered
[    0.470342] io scheduler cfq registered (default)
[    0.471805] ACPI: AC Adapter [AC] (off-line)
[    0.472387] input: Power Button as /devices/LNXSYSTM:00/LNXPWRBN:00/input/input0
[    0.473174] ACPI: Power Button [PWRF]
[    0.473613] input: Sleep Button as /devices/LNXSYSTM:00/LNXSLPBN:00/input/input1
[    0.474395] ACPI: Sleep Button [SLPF]
[    0.475382] ACPI: Battery Slot [BAT0] (battery present)
[    0.476506] virtio-pci 0000:00:03.0: virtio_pci: leaving for legacy driver
[    0.477934] virtio-pci 0000:00:08.0: virtio_pci: leaving for legacy driver
[    0.479182] Serial: 8250/16550 driver, 32 ports, IRQ sharing enabled
[    0.500531] 00:02: ttyS0 at I/O 0x3f8 (irq = 4, base_baud = 115200) is a 16550A
[    0.502309] Linux agpgart interface v0.103
[    0.503381] loop: module loaded
[    0.504071] scsi host0: ata_piix
[    0.504514] scsi host1: ata_piix
[    0.504892] ata1: PATA max UDMA/33 cmd 0x1f0 ctl 0x3f6 bmdma 0xd000 irq 14
[    0.505588] ata2: PATA max UDMA/33 cmd 0x170 ctl 0x376 bmdma 0xd008 irq 15
[    0.506480] tun: Universal TUN/TAP device driver, 1.6
[    0.507052] PPP generic driver version 2.4.2
[    0.507536] ehci_hcd: USB 2.0 'Enhanced' Host Controller (EHCI) Driver
[    0.508226] ehci-pci: EHCI PCI platform driver
[    0.508734] ehci-platform: EHCI generic platform driver
[    0.509305] ohci_hcd: USB 1.1 'Open' Host Controller (OHCI) Driver
[    0.509963] ohci-pci: OHCI PCI platform driver
[    0.510489] ohci-platform: OHCI generic platform driver
[    0.511064] uhci_hcd: USB Universal Host Controller Interface driver
[    0.511784] i8042: PNP: PS/2 Controller [PNP0303:PS2K,PNP0f03:PS2M] at 0x60,0x64 irq 1,12
[    0.513198] serio: i8042 KBD port at 0x60,0x64 irq 1
[    0.513779] serio: i8042 AUX port at 0x60,0x64 irq 12
[    0.514372] mousedev: PS/2 mouse device common for all mice
[    0.515142] input: AT Translated Set 2 keyboard as /devices/platform/i8042/serio0/input/input2
[    0.516355] rtc_cmos rtc_cmos: rtc core: registered rtc_cmos as rtc0
[    0.517091] rtc_cmos rtc_cmos: alarms up to one day, 114 bytes nvram
[    0.517788] i2c /dev entries driver
[    0.518230] device-mapper: uevent: version 1.0.3
[    0.518765] device-mapper: ioctl: 4.37.0-ioctl (2017-09-20) initialised: dm-devel@redhat.com
[    0.519664] ledtrig-cpu: registered to indicate activity on CPUs
[    0.520580] NET: Registered protocol family 10
[    0.522943] Segment Routing with IPv6
[    0.523391] NET: Registered protocol family 17
[    0.523882] Key type dns_resolver registered
[    0.524434] mce: Using 0 MCE banks
[    0.524819] RAS: Correctable Errors collector initialized.
[    0.525397] sched_clock: Marking stable (524364295, 0)->(613418785, -89054490)
[    0.526234] registered taskstats version 1
[    0.526694] Loading compiled-in X.509 certificates
[    0.528519] Loaded X.509 cert 'Build time autogenerated kernel key: b5b26778eaa3ab3a4a6cee031137706e947d12ad'
[    0.529965] Loaded X.509 cert 'Canonical Ltd. Live Patch Signing: 14df34d1a87cf37625abec039ef2bf521249b969'
[    0.531396] Loaded X.509 cert 'Canonical Ltd. Kernel Module Signing: 88f752e560a1e0737e31163a466ad7b70a850c19'
[    0.532446] blacklist: Loading compiled-in revocation X.509 certificates
[    0.533173] Loaded X.509 cert 'Canonical Ltd. Secure Boot Signing: 61482aa2830d0ab2ad5af10b7250da9033ddcef0'
[    0.534193] Loaded X.509 cert 'Canonical Ltd. Secure Boot Signing (2017): 242ade75ac4a15e50d50c84b0d45ff3eae707a03'
[    0.535286] Loaded X.509 cert 'Canonical Ltd. Secure Boot Signing (ESM 2018): 365188c1d374d6b07c3c8f240f8ef722433d6a8b'
[    0.536521] Loaded X.509 cert 'Canonical Ltd. Secure Boot Signing (2019): c0746fd6c5da3ae827864651ad66ae47fe24b3e8'
[    0.537673] Loaded X.509 cert 'Canonical Ltd. Secure Boot Signing (2021 v1): a8d54bbb3825cfb94fa13c9f8a594a195c107b8d'
[    0.538755] Loaded X.509 cert 'Canonical Ltd. Secure Boot Signing (2021 v2): 4cf046892d6fd3c9a5b03f98d845f90851dc6a8c'
[    0.539837] Loaded X.509 cert 'Canonical Ltd. Secure Boot Signing (2021 v3): 100437bb6de6e469b581e61cd66bce3ef4ed53af'
[    0.540942] Loaded X.509 cert 'Canonical Ltd. Secure Boot Signing (Ubuntu Core 2019): c1d57b8f6b743f23ee41f4f7ee292f06eecadfb9'
[    0.542182] zswap: loaded using pool lzo/zbud
[    0.544452] Key type big_key registered
[    0.544923] Key type trusted registered
[    0.546220] Key type encrypted registered
[    0.546690] AppArmor: AppArmor sha1 policy hashing enabled
[    0.547302] ima: No TPM chip found, activating TPM-bypass! (rc=-19)
[    0.547958] ima: Allocated hash algorithm: sha1
[    0.548490] evm: HMAC attrs: 0x1
[    0.548989]   Magic number: 4:66:332
[    0.549397] tty tty53: hash matches
[    0.549848] rtc_cmos rtc_cmos: setting system clock to 2024-04-19 13:19:07 UTC (1713532747)
[    0.550761] BIOS EDD facility v0.16 2004-Jun-25, 0 devices found
[    0.551385] EDD information not available.
[    0.691040] Freeing unused kernel image memory: 2480K
[    0.696049] Write protecting the kernel read-only data: 20480k
[    0.697017] Freeing unused kernel image memory: 2008K
[    0.697760] Freeing unused kernel image memory: 1820K
[    0.701973] x86/mm: Checked W+X mappings: passed, no W+X pages found.
[    0.702651] x86/mm: Checking user space page tables
[    0.706751] x86/mm: Checked W+X mappings: passed, no W+X pages found.
Loading, please wait...
starting version 237
[    0.775081] Fusion MPT base driver 3.04.20
[    0.775674] Copyright (c) 1999-2008 LSI Corporation
[    0.784093] Fusion MPT SPI Host driver 3.04.20
[    0.801996] AVX2 version of gcm_enc/dec engaged.
[    0.802647] AES CTR mode by8 optimization enabled
[    0.813563] mptbase: ioc0: Initiating bringup
[    0.817379] virtio_net virtio0 enp0s3: renamed from eth0
[    0.818497] virtio_net virtio1 enp0s8: renamed from eth1
[    0.908206] ioc0: LSI53C1030 A0: Capabilities={Initiator}
[    0.982440] input: ImExPS/2 Generic Explorer Mouse as /devices/platform/i8042/serio1/input/input4
[    1.153914] scsi host2: ioc0: LSI53C1030 A0, FwRev=00000000h, Ports=1, MaxQ=256, IRQ=20
[    1.320743] scsi 2:0:0:0: Direct-Access     VBOX     HARDDISK         1.0  PQ: 0 ANSI: 5
[    1.323874] scsi target2:0:0: Beginning Domain Validation
[    1.325256] scsi target2:0:0: Domain Validation skipping write tests
[    1.325884] scsi target2:0:0: Ending Domain Validation
[    1.326423] scsi target2:0:0: asynchronous
[    1.327005] scsi 2:0:1:0: Direct-Access     VBOX     HARDDISK         1.0  PQ: 0 ANSI: 5
[    1.327809] scsi target2:0:1: Beginning Domain Validation
[    1.328753] scsi target2:0:1: Domain Validation skipping write tests
[    1.329376] scsi target2:0:1: Ending Domain Validation
[    1.329968] scsi target2:0:1: asynchronous
[    1.332311] sd 2:0:0:0: [sda] 83886080 512-byte logical blocks: (42.9 GB/40.0 GiB)
[    1.334429] sd 2:0:0:0: [sda] Write Protect is off
[    1.335746] sd 2:0:0:0: Attached scsi generic sg0 type 0
[    1.336499] sd 2:0:0:0: [sda] Incomplete mode parameter data
[    1.337091] sd 2:0:0:0: [sda] Assuming drive cache: write through
[    1.337967] sd 2:0:1:0: [sdb] 20480 512-byte logical blocks: (10.5 MB/10.0 MiB)
[    1.338730] sd 2:0:1:0: [sdb] Write Protect is off
[    1.339255] sd 2:0:1:0: [sdb] Incomplete mode parameter data
[    1.339823] sd 2:0:1:0: [sdb] Assuming drive cache: write through
[    1.340518] sd 2:0:1:0: Attached scsi generic sg1 type 0
[    1.342168]  sda: sda1
[    1.342829] sd 2:0:1:0: [sdb] Attached SCSI disk
[    1.343403] sd 2:0:0:0: [sda] Attached SCSI disk
Begin: Loading essential drivers ... [    2.694976] raid6: sse2x1   gen() 16589 MB/s
[    2.750175] raid6: sse2x1   xor() 10813 MB/s
[    2.813375] raid6: sse2x2   gen() 21529 MB/s
[    2.877750] raid6: sse2x2   xor() 14142 MB/s
[    2.940943] raid6: sse2x4   gen() 21892 MB/s
[    3.002841] raid6: sse2x4   xor() 15840 MB/s
[    3.066063] raid6: avx2x1   gen() 32370 MB/s
[    3.129229] raid6: avx2x1   xor() 19402 MB/s
[    3.198562] raid6: avx2x2   gen() 45080 MB/s
[    3.261737] raid6: avx2x2   xor() 26277 MB/s
[    3.328164] raid6: avx2x4   gen() 41641 MB/s
[    3.391283] raid6: avx2x4   xor() 24191 MB/s
[    3.391857] raid6: using algorithm avx2x2 gen() 45080 MB/s
[    3.392443] raid6: .... xor() 26277 MB/s, rmw enabled
[    3.392948] raid6: using avx2x2 recovery algorithm
[    3.394749] xor: automatically using best checksumming function   avx       
[    3.396621] async_tx: api initialized (async)
done.
Begin: Running /scripts/init-premount ... done.
Begin: Mounting root file system ... Begin: Running /scripts/local-top ... done.
Begin: Running /scripts/local-premount ... [    3.435408] Btrfs loaded, crc32c=crc32c-intel
Scanning for Btrfs filesystems
done.
Warning: fsck not present, so skipping root file system
[    3.520337] EXT4-fs (sda1): mounted filesystem with ordered data mode. Opts: (null)
done.
Begin: Running /scripts/local-bottom ... done.
Begin: Running /scripts/init-bottom ... done.
[    3.632587] ip_tables: (C) 2000-2006 Netfilter Core Team
[    3.637173] systemd[1]: systemd 237 running in system mode. (+PAM +AUDIT +SELINUX +IMA +APPARMOR +SMACK +SYSVINIT +UTMP +LIBCRYPTSETUP +GCRYPT +GNUTLS +ACL +XZ +LZ4 +SECCOMP +BLKID +ELFUTILS +KMOD -IDN2 +IDN -PCRE2 default-hierarchy=hybrid)
[    3.639403] systemd[1]: Detected virtualization oracle.
[    3.639982] systemd[1]: Detected architecture x86-64.

Welcome to [1mUbuntu 18.04.6 LTS[0m!

[    3.642562] systemd[1]: Set hostname to <ubuntu>.
[    3.643845] systemd[1]: Initializing machine ID from random generator.
[    3.644619] systemd[1]: Installed transient /etc/machine-id file.
[    3.786370] systemd[1]: Started Forward Password Requests to Wall Directory Watch.
[[0;32m  OK  [0m] Started Forward Password Requests to Wall Directory Watch.
[    3.787807] systemd[1]: Reached target User and Group Name Lookups.
[[0;32m  OK  [0m] Reached target User and Group Name Lookups.
[    3.788966] systemd[1]: Reached target System Time Synchronized.
[[0;32m  OK  [0m] Reached target System Time Synchronized.
[    3.790090] systemd[1]: Reached target Swap.
[[0;32m  OK  [0m] Reached target Swap.
[[0;32m  OK  [0m] Created slice User and Session Slice.
[[0;32m  OK  [0m] Reached target Mounting snaps.
[[0;32m  OK  [0m] Reached target Mounted snaps.
[[0;32m  OK  [0m] Set up automount Arbitrary Executab…rmats File System Automount Point.
[[0;32m  OK  [0m] Created slice System Slice.
[[0;32m  OK  [0m] Listening on Journal Socket.
         Mounting POSIX Message Queue File System...
[[0;32m  OK  [0m] Reached target Slices.
[[0;32m  OK  [0m] Listening on Network Service Netlink Socket.
         Starting Set the console keyboard layout...
[[0;32m  OK  [0m] Listening on Syslog Socket.
[[0;32m  OK  [0m] Listening on Journal Socket (/dev/log).
         Mounting Huge Pages File System...
[[0;32m  OK  [0m] Listening on Device-mapper event daemon FIFOs.
[[0;32m  OK  [0m] Listening on fsck to fsckd communication Socket.
         Starting File System Check on Root Device...
         Mounting Kernel Debug File System...
[[0;32m  OK  [0m] Created slice system-serial\x2dgetty.slice.
[[0;32m  OK  [0m] Listening on udev Control Socket.
         Starting Create list of required st…ce nodes for the current kernel...
[[0;32m  OK  [0m] Listening on Journal Audit Socket.
[[0;32m  OK  [0m] Listening on udev Kernel Socket.
         Starting udev Coldplug all Devices...
[[0;32m  OK  [0m] Listening on LVM2 poll daemon socket.
[[0;32m  OK  [0m] Listening on /dev/initctl Compatibility Named Pipe.
         Starting Load Kernel Modules...
[[0;32m  OK  [0m] Listening on LVM2 metadata daemon socket.
         Starting Monitoring of LVM2 mirrors…ng dmeventd or progress polling...
         Starting Uncomplicated firewall...
         Starting Journal Service...
[[0;32m  OK  [0m] Mounted POSIX Message Queue File System.
[[0;32m  OK  [0m] Mounted Huge Pages File System.
[[0;32m  OK  [0m] Mounted Kernel Debug File System.
[[0;32m  OK  [0m] Started Create list of required sta…vice nodes for the current kernel.
[[0;32m  OK  [0m] Started File System Check Daemon to report status.
         Starting Create Static Device Nodes in /dev...
[    3.868822] Loading iSCSI transport class v2.0-870.
[    3.875272] iscsi: registered transport (tcp)
[[0;32m  OK  [0m] Started udev Coldplug all Devices.
[[0;32m  OK  [0m] Started Journal Service.
[[0;32m  OK  [0m] Started Uncomplicated firewall.
[[0;32m  OK  [0m] Started LVM2 metadata daemon.
[[0;32m  OK  [0m] Started Create Static Device Nodes in /dev.
[[0;32m  OK  [0m] Started File System Check on Root Device.
         Starting Remount Root and Kernel File Systems...
[    3.939803] iscsi: registered transport (iser)
[[0;32m  OK  [0m] Started Load Kernel Modules.
         Starting Apply Kernel Variables...
         Mounting FUSE Control File System...
         Mounting Kernel Configuration File System...
[[0;32m  OK  [0m] Mounted FUSE Control File System.
[[0;32m  OK  [0m] Mounted Kernel Configuration File System.
[[0;32m  OK  [0m] Started Remount Root and Kernel File Systems.
         Starting Load/Save Random Seed...
         Starting udev Kernel Device Manager...
         Starting Flush Journal to Persistent Storage...
[[0;32m  OK  [0m] Started Monitoring of LVM2 mirrors,…sing dmeventd or progress polling.
[[0;32m  OK  [0m] Started Apply Kernel Variables.
[[0;32m  OK  [0m] Started Load/Save Random Seed.
[[0;32m  OK  [0m] Started udev Kernel Device Manager.
[[0;32m  OK  [0m] Started Flush Journal to Persistent Storage.
[[0;32m  OK  [0m] Found device /dev/ttyS0.
[[0;32m  OK  [0m] Listening on Load/Save RF Kill Switch Status /dev/rfkill Watch.
         Mounting Arbitrary Executable File Formats File System...
[[0;32m  OK  [0m] Mounted Arbitrary Executable File Formats File System.
[[0;32m  OK  [0m] Started Set the console keyboard layout.
[[0;32m  OK  [0m] Started Dispatch Password Requests to Console Directory Watch.
[[0;32m  OK  [0m] Reached target Local Encrypted Volumes.
[[0;32m  OK  [0m] Reached target Local File Systems (Pre).
[[0;32m  OK  [0m] Reached target Local File Systems.
         Starting AppArmor initialization...
         Starting ebtables ruleset management...
         Starting Set console font and keymap...
         Starting Commit a transient machine-id on disk...
         Starting Tell Plymouth To Write Out Runtime Data...
         Starting Create Volatile Files and Directories...
[[0;32m  OK  [0m] Started Tell Plymouth To Write Out Runtime Data.
[[0;32m  OK  [0m] Started Commit a transient machine-id on disk.
[[0;32m  OK  [0m] Started Create Volatile Files and Directories.
         Starting Update UTMP about System Boot/Shutdown...
[[0;32m  OK  [0m] Started Update UTMP about System Boot/Shutdown.
[[0;32m  OK  [0m] Started ebtables ruleset management.
[[0;32m  OK  [0m] Started AppArmor initialization.
         Starting Initial cloud-init job (pre-networking)...
         Starting Load AppArmor profiles managed internally by snapd...
[[0;32m  OK  [0m] Started Load AppArmor profiles managed internally by snapd.
[[0;32m  OK  [0m] Started Set console font and keymap.
[    6.884773] cloud-init[801]: Cloud-init v. 23.1.2-0ubuntu0~18.04.1 running 'init-local' at Fri, 19 Apr 2024 13:19:13 +0000. Up 6.69 seconds.
[[0;32m  OK  [0m] Started Initial cloud-init job (pre-networking).
[[0;32m  OK  [0m] Reached target Network (Pre).
         Starting Network Service...
[[0;32m  OK  [0m] Started Network Service.
         Starting Network Name Resolution...
         Starting Wait for Network to be Configured...
[[0;32m  OK  [0m] Started Network Name Resolution.
[[0;32m  OK  [0m] Reached target Network.
[[0;32m  OK  [0m] Reached target Host and Network Name Lookups.
[[0;32m  OK  [0m] Started Wait for Network to be Configured.
         Starting Initial cloud-init job (metadata service crawler)...
[    8.393470] cloud-init[906]: Cloud-init v. 23.1.2-0ubuntu0~18.04.1 running 'init' at Fri, 19 Apr 2024 13:19:15 +0000. Up 8.30 seconds.
[    8.395132] cloud-init[906]: ci-info: ++++++++++++++++++++++++++++++++++++++Net device info+++++++++++++++++++++++++++++++++++++++
[    8.395977] cloud-init[906]: ci-info: +--------+-------+----------------------------+---------------+--------+-------------------+
[    8.396845] cloud-init[906]: ci-info: | Device |   Up  |          Address           |      Mask     | Scope  |     Hw-Address    |
[    8.398792] cloud-init[906]: ci-info: +--------+-------+----------------------------+---------------+--------+-------------------+
[    8.400161] cloud-init[906]: ci-info: | enp0s3 |  True |         10.0.2.15          | 255.255.255.0 | global | 02:3b:7b:b7:3b:2d |
[    8.401139] cloud-init[906]: ci-info: | enp0s3 |  True | fe80::3b:7bff:feb7:3b2d/64 |       .       |  link  | 02:3b:7b:b7:3b:2d |
[    8.412144] cloud-init[906]: ci-info: | enp0s8 | False |             .              |       .       |   .    | 08:00:27:36:d4:61 |
[    8.412845] cloud-init[906]: ci-info: |   lo   |  True |         127.0.0.1          |   255.0.0.0   |  host  |         .         |
[    8.413674] cloud-init[906]: ci-info: |   lo   |  True |          ::1/128           |       .       |  host  |         .         |
[    8.414490] cloud-init[906]: ci-info: +--------+-------+----------------------------+---------------+--------+-------------------+
[    8.415318] cloud-init[906]: ci-info: ++++++++++++++++++++++++++++Route IPv4 info+++++++++++++++++++++++++++++
[    8.417766] cloud-init[906]: ci-info: +-------+-------------+----------+-----------------+-----------+-------+
[    8.418393] cloud-init[906]: ci-info: | Route | Destination | Gateway  |     Genmask     | Interface | Flags |
[    8.419120] cloud-init[906]: ci-info: +-------+-------------+----------+-----------------+-----------+-------+
[    8.422388] cloud-init[906]: ci-info: |   0   |   0.0.0.0   | 10.0.2.2 |     0.0.0.0     |   enp0s3  |   UG  |
[    8.423094] cloud-init[906]: ci-info: |   1   |   10.0.2.0  | 0.0.0.0  |  255.255.255.0  |   enp0s3  |   U   |
[    8.423865] cloud-init[906]: ci-info: |   2   |   10.0.2.2  | 0.0.0.0  | 255.255.255.255 |   enp0s3  |   UH  |
[    8.425960] cloud-init[906]: ci-info: +-------+-------------+----------+-----------------+-----------+-------+
[    8.427938] cloud-init[906]: ci-info: +++++++++++++++++++Route IPv6 info+++++++++++++++++++
[    8.428659] cloud-init[906]: ci-info: +-------+-------------+---------+-----------+-------+
[    8.430722] cloud-init[906]: ci-info: | Route | Destination | Gateway | Interface | Flags |
[    8.431347] cloud-init[906]: ci-info: +-------+-------------+---------+-----------+-------+
[    8.433693] cloud-init[906]: ci-info: |   1   |  fe80::/64  |    ::   |   enp0s3  |   U   |
[    8.434314] cloud-init[906]: ci-info: |   3   |    local    |    ::   |   enp0s3  |   U   |
[    8.434938] cloud-init[906]: ci-info: |   4   |   ff00::/8  |    ::   |   enp0s3  |   U   |
[    8.435727] cloud-init[906]: ci-info: +-------+-------------+---------+-----------+-------+
[    8.969782] cloud-init[906]: Generating public/private rsa key pair.
[    8.970304] cloud-init[906]: Your identification has been saved in /etc/ssh/ssh_host_rsa_key.
[    8.970933] cloud-init[906]: Your public key has been saved in /etc/ssh/ssh_host_rsa_key.pub.
[    8.971567] cloud-init[906]: The key fingerprint is:
[    8.972007] cloud-init[906]: SHA256:lI/GkVQ0PzFp72WuvqAYWE0kCzGckxqiAtwz+BguTkI root@ubuntu-bionic
[    8.972672] cloud-init[906]: The key's randomart image is:
[    8.975124] cloud-init[906]: +---[RSA 2048]----+
[    8.975560] cloud-init[906]: |. o  .++oo= o.   |
[    8.975971] cloud-init[906]: |.E.+. =+ * ooo   |
[    8.976401] cloud-init[906]: |+.+.oo .* ..o.   |
[    8.976805] cloud-init[906]: |=+ ..  o *   .. o|
[    8.980176] cloud-init[906]: |*       S o  . + |
[    8.980915] cloud-init[906]: | .     +      . .|
[    8.981601] cloud-init[906]: |      . .   .  . |
[    8.982284] cloud-init[906]: |         o . ..  |
[    8.999856] cloud-init[906]: |        . .  .o. |
[    9.000320] cloud-init[906]: +----[SHA256]-----+
[    9.000728] cloud-init[906]: Generating public/private dsa key pair.
[    9.001227] cloud-init[906]: Your identification has been saved in /etc/ssh/ssh_host_dsa_key.
[    9.001852] cloud-init[906]: Your public key has been saved in /etc/ssh/ssh_host_dsa_key.pub.
[    9.002468] cloud-init[906]: The key fingerprint is:
[    9.002889] cloud-init[906]: SHA256:dLLPqf4TmFpJH4K6f/5jh4ZDTo3UaqENCxPLtSXfG74 root@ubuntu-bionic
[    9.003535] cloud-init[906]: The key's randomart image is:
[    9.004011] cloud-init[906]: +---[DSA 1024]----+
[    9.004451] cloud-init[906]: |                 |
[    9.004863] cloud-init[906]: |    . o .        |
[    9.005264] cloud-init[906]: |   . + *oo.      |
[    9.005633] cloud-init[906]: |    = +.*+=      |
[    9.006041] cloud-init[906]: |     + BS% +     |
[    9.006447] cloud-init[906]: |    . o %o*.     |
[    9.006852] cloud-init[906]: |     . B .++     |
[    9.007249] cloud-init[906]: |    . . =.E .    |
[    9.007649] cloud-init[906]: |     ..++*o+     |
[    9.008071] cloud-init[906]: +----[SHA256]-----+
[    9.008473] cloud-init[906]: Generating public/private ecdsa key pair.
[    9.012198] cloud-init[906]: Your identification has been saved in /etc/ssh/ssh_host_ecdsa_key.
[    9.012882] cloud-init[906]: Your public key has been saved in /etc/ssh/ssh_host_ecdsa_key.pub.
[    9.013541] cloud-init[906]: The key fingerprint is:
[    9.013966] cloud-init[906]: SHA256:aYJHzhsEyf7vqu7TAQ26p8+WMR5VHBQUQBJQArUJywU root@ubuntu-bionic
[    9.014610] cloud-init[906]: The key's randomart image is:
[    9.016183] cloud-init[906]: +---[ECDSA 256]---+
[    9.016659] cloud-init[906]: |oE===+o=*+       |
[    9.019730] cloud-init[906]: |.o.++o  o        |
[    9.020104] cloud-init[906]: |..oo oo.         |
[    9.020522] cloud-init[906]: |  . o*o  .       |
[    9.020935] cloud-init[906]: |   ..+* S        |
[    9.021342] cloud-init[906]: |  . =.o=         |
[    9.021748] cloud-init[906]: |   + *.o         |
[    9.022157] cloud-init[906]: |  ..= . .        |
[[0;32m  OK  [0m] Started Initial cloud-init job (metadata service crawler).
[[0;32m  OK  [0m] Reached target System Initialization.
[[0;32m  OK  [0m] Started Discard unused blocks once a week.
[[0;32m  OK  [0m] Listening on cloud-init hotplug hook socket.
[[0;32m  OK  [0m] Started Ubuntu Advantage Timer for running repeated jobs.
[[0;32m  OK  [0m] Started Message of the Day.
         Starting Socket activation for snappy daemon.
[[0;32m  OK  [0m] Listening on Open-iSCSI iscsid Socket.
[[0;32m  OK  [0m] Listening on ACPID Listen Socket.
[[0;32m  OK  [0m] Listening on UUID daemon activation socket.
[[0;32m  OK  [0m] Listening on D-Bus System Message Bus Socket.
[    9.027772] cloud-init[906]:          Starting LXD - unix socket.
[[0;32m  OK  [0m] Started ACPI Events Check.
[[0;32m  OK  [0m] Reached target Paths.
[[0;32m  OK  [0m] Started Daily apt download activities.
[[0;32m  OK  [0m] Started Daily apt upgrade and clean activities.
[[0;32m  OK  [0m] Started Daily Cleanup of Temporary Directories.
[[0;32m  OK  [0m] Reached target Timers.
[[0;32m  OK  [0m] Reached target Network is Online.
|   =*o.o.        |
[    9.046164] cloud-init[906]: +----[SHA256]-----+
[    9.048204]          Starting Availability of block devices...
[[0;32m  OK  [0m] Reached target Remote File Systems (Pre).
[[0;32m  OK  [0m] Reached target Remote File Systems.
[[0;32m  OK  [0m] Reached target Cloud-config availability.
[[0;32m  OK  [0m] Listening on Socket activation for snappy daemon.
[[0;32m  OK  [0m] Listening on LXD - unix socket.
[[0;32m  OK  [0m] Reached target Sockets.
[[0;32m  OK  [0m] Reached target Basic System.
cloud-init[906]: Generating public/private ed25519 key pair.
[    9.052901] cloud-init[906]: Your identification has been saved in /etc/ssh/ssh_host_ed25519_key.
[    9.054297] cloud-init[906]: Your public key has been saved in /etc/ssh/ssh_host_ed25519_key.pub.
[    9.056146] cloud-init[906]: The key fingerprint is:
         Starting Login Service...
[    9.058989] cloud-init[906]: SHA256:8HW21/hoDg9a5+eGnu3oq2Qb+jDTsMYV8nktFn9+Gig root@ubuntu-bionic
         Starting LSB: automatic crash report generation...
[[0;32m  OK  [0m] Started Regular background program processing daemon.
         Starting LXD - container startup/shutdown...
[    9.066590] cloud-init[906]: The key's randomart image is:
[[0;32m  OK  [0m] Started D-Bus System Message Bus.
[    9.069464] cloud-init[906]: +--[ED25519 256]--+
[    9.069951] cloud-init[906]: |                 |
[    9.072667] cloud-init[906]: |                 |
[    9.074456] cloud-init[906]: |      .   o + .  |
[    9.075248] cloud-init[906]: |       o . = + * |
[    9.075899] cloud-init[906]: |        S . = * =|
[    9.076651] cloud-init[906]: |         . = = =.|
[    9.077331] cloud-init[906]: |          E X =.+|
[    9.078164] cloud-init[906]: |         . @ @.*+|
[    9.078862] cloud-init[906]: |          o.++@*+|
[    9.082378] cloud-init[906]: +----[SHA256]-----+
         Starting Virtualbox guest utils...
         Starting Pollinate to seed the pseudo random number generator...
         Starting System Logging Service...
[[0;32m  OK  [0m] Started irqbalance daemon.
         Starting Dispatcher daemon for systemd-networkd...
         Starting Permit User Sessions...
[[0;32m  OK  [0m] Started Deferred execution scheduler.
         Starting Accounts Service...
[[0;32m  OK  [0m] Reached target Login Prompts (Pre).
[[0;32m  OK  [0m] Started FUSE filesystem for LXC.
         Starting LSB: Record successful boot for GRUB...
         Starting Snap Daemon...
[[0;32m  OK  [0m] Started Availability of block devices.
[[0;32m  OK  [0m] Started LXD - container startup/shutdown.
[[0;32m  OK  [0m] Started Login Service.
[[0;32m  OK  [0m] Started Unattended Upgrades Shutdown.
[[0;32m  OK  [0m] Started System Logging Service.
[[0;32m  OK  [0m] Started Permit User Sessions.
         Starting Hold until boot process finishes up...
         Starting Terminate Plymouth Boot Screen...
[[0;32m  OK  [0m] Started Hold until boot process finishes up.
         Starting Set console scheme...
[[0;32m  OK  [0m] Started Serial Getty on ttyS0.
[[0;32m  OK  [0m] Started Terminate Plymouth Boot Screen.
[[0;32m  OK  [0m] Started LSB: automatic crash report generation.
[[0;32m  OK  [0m] Started Set console scheme.
[[0;32m  OK  [0m] Created slice system-getty.slice.
[[0;32m  OK  [0m] Started Getty on tty1.
[[0;32m  OK  [0m] Reached target Login Prompts.
         Starting Authorization Manager...
[[0;32m  OK  [0m] Started Virtualbox guest utils.
[[0;32m  OK  [0m] Started LSB: Record successful boot for GRUB.
[[0;32m  OK  [0m] Started Authorization Manager.
[[0;32m  OK  [0m] Started Accounts Service.
[[0;32m  OK  [0m] Started Snap Daemon.
         Starting Wait until snapd is fully seeded...
[[0;32m  OK  [0m] Started Dispatcher daemon for systemd-networkd.
[[0;32m  OK  [0m] Started Pollinate to seed the pseudo random number generator.
         Starting OpenBSD Secure Shell server...
[[0;32m  OK  [0m] Started OpenBSD Secure Shell server.
         Starting Time & Date Service...
[[0;32m  OK  [0m] Started Time & Date Service.
[[0;32m  OK  [0m] Started Wait until snapd is fully seeded.
         Starting Apply the settings specified in cloud-config...
[   11.541509] cloud-init[1385]: Cloud-init v. 23.1.2-0ubuntu0~18.04.1 running 'modules:config' at Fri, 19 Apr 2024 13:19:18 +0000. Up 11.32 seconds.
[[0;32m  OK  [0m] Started Apply the settings specified in cloud-config.
[[0;32m  OK  [0m] Reached target Multi-User System.
[[0;32m  OK  [0m] Reached target Graphical Interface.
         Starting Update UTMP about System Runlevel Changes...
         Starting Execute cloud user/final scripts...
[[0;32m  OK  [0m] Started Update UTMP about System Runlevel Changes.
ci-info: no authorized SSH keys fingerprints found for user ubuntu.
<14>Apr 19 13:19:18 cloud-init: #############################################################
<14>Apr 19 13:19:18 cloud-init: -----BEGIN SSH HOST KEY FINGERPRINTS-----
<14>Apr 19 13:19:18 cloud-init: 1024 SHA256:dLLPqf4TmFpJH4K6f/5jh4ZDTo3UaqENCxPLtSXfG74 root@ubuntu-bionic (DSA)
<14>Apr 19 13:19:18 cloud-init: 256 SHA256:aYJHzhsEyf7vqu7TAQ26p8+WMR5VHBQUQBJQArUJywU root@ubuntu-bionic (ECDSA)
<14>Apr 19 13:19:18 cloud-init: 256 SHA256:8HW21/hoDg9a5+eGnu3oq2Qb+jDTsMYV8nktFn9+Gig root@ubuntu-bionic (ED25519)
<14>Apr 19 13:19:18 cloud-init: 2048 SHA256:lI/GkVQ0PzFp72WuvqAYWE0kCzGckxqiAtwz+BguTkI root@ubuntu-bionic (RSA)
<14>Apr 19 13:19:18 cloud-init: -----END SSH HOST KEY FINGERPRINTS-----
<14>Apr 19 13:19:18 cloud-init: #############################################################
-----BEGIN SSH HOST KEY KEYS-----
ecdsa-sha2-nistp256 AAAAE2VjZHNhLXNoYTItbmlzdHAyNTYAAAAIbmlzdHAyNTYAAABBBCMaNyzfY0MLETj2LeVYtn3fq0fKCM72z1pKDuixEFmq0cOpxsxi69vaRy1pe0YUuF8emuih0SbAoUSdFug3unw= root@ubuntu-bionic
ssh-ed25519 AAAAC3NzaC1lZDI1NTE5AAAAIFWCilLw1yKMdV49DirvUlYEvy5Jo0YhBnWoynpouiQ2 root@ubuntu-bionic
ssh-rsa AAAAB3NzaC1yc2EAAAADAQABAAABAQC8LQkegWRUzTky0sXWe1ftsUnZLhuOkNS6WkonXhtHg7y2DANvxiTRLGE3imyadOpp0O1SCOCCU8CVmJJnGShNDlzlZyWiLF3Mb/ub3JhARTTL2ysRSe2T+qdbYjyZIx4/AcLgnPhQ0Ent2gbWnT06GZoyn8GxXXXv1dfk8RjwhhN/XPKE91DVuxw0J0LPjoYxxajpDNUViy39fH4hhuzdkTFChC1ed29qPyaBZ7bumauEWkX3C8j1+eTQ7Avr2Go7ulp0cyOTW3bTgY2S5bploiUcSQk+xkOMFsSQYlUefECSyVlCMMeRO8xBXCDfT8WCg9jFUeqg6D51HQodKo13 root@ubuntu-bionic
-----END SSH HOST KEY KEYS-----
[   11.979301] cloud-init[1435]: Cloud-init v. 23.1.2-0ubuntu0~18.04.1 running 'modules:final' at Fri, 19 Apr 2024 13:19:18 +0000. Up 11.86 seconds.
[   11.980382] cloud-init[1435]: Cloud-init v. 23.1.2-0ubuntu0~18.04.1 finished at Fri, 19 Apr 2024 13:19:18 +0000. Datasource DataSourceNoCloud [seed=/dev/sdb][dsmode=net].  Up 11.97 seconds
[[0;32m  OK  [0m] Started Execute cloud user/final scripts.
[[0;32m  OK  [0m] Reached target Cloud-init target.

Ubuntu 18.04.6 LTS ubuntu-bionic ttyS0

ubuntu-bionic login:                                                                                                                                                                                                                              